<?xml version="1.0" encoding="UTF-8"?>
<!-- Generated by org.testng.reporters.JUnitXMLReporter -->
<testsuite hostname="ITSMMJ38YZ3W" name="Test" tests="4" failures="1" timestamp="12 Apr 2016 16:56:30 GMT" time="4.033" errors="0">
  <testcase name="testDTC" time="4.008" classname="com.discount.automation.tests.TestNGExample"/>
  <testcase name="testMethodOne" time="0.0" classname="com.discount.automation.tests.TestNGExample"/>
  <testcase name="testMethodTwo" time="0.0" classname="com.discount.automation.tests.TestNGExample">
    <failure type="java.lang.AssertionError">
      <![CDATA[java.lang.AssertionError: 
	at com.discount.automation.tests.TestNGExample.testMethodTwo(TestNGExample.java:58)
... Removed 27 stack frames]]>
    </failure>
  </testcase> <!-- testMethodTwo -->
  <testcase name="testMethodThree" time="0.0" classname="com.discount.automation.tests.TestNGExample">
    <skipped/>
  </testcase> <!-- testMethodThree -->
</testsuite> <!-- Test -->
